main started
before services creation
services created
validation loop started
validation loop started
validation loop started
validation loop started
validation loop started
validation loop started
2019-01-18-main-INFO -com.cg.ems.main.UserInterface:main started
2019-01-18-main-INFO -com.cg.ems.main.UserInterface:before services creation
2019-01-18-main-INFO -com.cg.ems.main.UserInterface:services created
2019-01-18-main-INFO -com.cg.ems.main.UserInterface:main started
2019-01-18-main-INFO -com.cg.ems.main.UserInterface:before services creation
2019-01-18-main-INFO -com.cg.ems.main.UserInterface:services created
2019-01-18-main-INFO -com.cg.ems.main.UserInterface:main started
2019-01-18-main-INFO -com.cg.ems.main.UserInterface:before services creation
2019-01-18-main-INFO -com.cg.ems.main.UserInterface:services created
2019-01-18-main-INFO -com.cg.ems.main.UserInterface:main started
2019-01-18-main-INFO -com.cg.ems.main.UserInterface:before services creation
2019-01-18-main-INFO -com.cg.ems.main.UserInterface:services created
2019-01-18-main-INFO -com.cg.ems.main.UserInterface:main started
2019-01-18-main-INFO -com.cg.ems.main.UserInterface:before services creation
2019-01-18-main-INFO -com.cg.ems.main.UserInterface:services created
2019-01-18-main-INFO -com.cg.ems.main.UserInterface:main started
2019-01-18-main-INFO -com.cg.ems.main.UserInterface:before services creation
2019-01-18-main-INFO -com.cg.ems.main.UserInterface:services created
2019-01-18-main-INFO -com.cg.ems.main.UserInterface:main started
2019-01-18-main-INFO -com.cg.ems.main.UserInterface:before services creation
2019-01-18-main-INFO -com.cg.ems.main.UserInterface:services created
